#
# A fatal error has been detected by the Java Runtime Environment:
#
#  EXCEPTION_ACCESS_VIOLATION (0xc0000005) at pc=0x00000000574bee1f, pid=9616, tid=0x0000000000001de8
#
# JRE version: Java(TM) SE Runtime Environment (8.0_121-b13) (build 1.8.0_121-b13)
# Java VM: Java HotSpot(TM) 64-Bit Server VM (25.121-b13 mixed mode windows-amd64 compressed oops)
# Problematic frame:
# V  [jvm.dll+0x3fee1f]
#
# Failed to write core dump. Minidumps are not enabled by default on client versions of Windows
#
# If you would like to submit a bug report, please visit:
#   http://bugreport.java.com/bugreport/crash.jsp
#

---------------  T H R E A D  ---------------

Current thread (0x000000000262a000):  GCTaskThread [stack: 0x0000000003380000,0x0000000003480000] [id=7656]

siginfo: ExceptionCode=0xc0000005, reading address 0x0000000752b48a30

Registers:
RAX=0x00000000577145a8, RBX=0x000000000347f408, RCX=0x0000000000000003, RDX=0x00000000dfae02d0
RSP=0x000000000347f360, RBP=0x000000000bbe0000, RSI=0x000000000bbdc05c, RDI=0x0000000000000003
R8 =0x00000000dfae02d0, R9 =0x0000000752b48a28, R10=0x00000000002ef800, R11=0x000000000bbe0000
R12=0x00000000578db6d0, R13=0x0000000000000bbe, R14=0x00000000dfb00000, R15=0x000000000347f408
RIP=0x00000000574bee1f, EFLAGS=0x0000000000010206

Top of Stack: (sp=0x000000000347f360)
0x000000000347f360:   000000000347f408 000000000bbdc059
0x000000000347f370:   000000000bbdc04e 00000000571d49e9
0x000000000347f380:   000000000bbe0000 00000000574b45bd
0x000000000347f390:   000000000bbdc05a 00000000574bed02
0x000000000347f3a0:   0000000000000000 00000000574bebc1
0x000000000347f3b0:   00000000fe900000 00000000dfb00000
0x000000000347f3c0:   0000000000000bbe 0000000000000001
0x000000000347f3d0:   0000000000bf0000 00000000574c0134
0x000000000347f3e0:   00000000dfa80000 000000000347f448
0x000000000347f3f0:   00000000dfa80000 000000000347f448
0x000000000347f400:   0000000000bf0000 00000000577145a8
0x000000000347f410:   00000000578db6d0 00000000026fc600
0x000000000347f420:   0000000000003fa6 00000000dfae02d0
0x000000000347f430:   0000000000000000 00000000dfae02d0
0x000000000347f440:   0000000000000000 000000000262a420
0x000000000347f450:   000000000262a410 0000000000000000 

Instructions: (pc=0x00000000574bee1f)
0x00000000574bedff:   4c 8b 43 30 74 16 45 8b 48 08 8b 0d 99 09 3a 00
0x00000000574bee0f:   49 d3 e1 4c 03 0d 87 09 3a 00 eb 04 4d 8b 48 08
0x00000000574bee1f:   41 81 79 08 00 00 00 c0 73 10 49 8b 01 48 8b 53
0x00000000574bee2f:   10 49 8b c9 ff 90 28 01 00 00 48 29 7b 18 48 8d 


Register to memory mapping:

RAX=0x00000000577145a8 is an unknown value
RBX=0x000000000347f408 is an unknown value
RCX=0x0000000000000003 is an unknown value
RDX=0x00000000dfae02d0 is an oop

[error occurred during error reporting (printing register info), id 0xc0000005]

Stack: [0x0000000003380000,0x0000000003480000],  sp=0x000000000347f360,  free space=1020k
Native frames: (J=compiled Java code, j=interpreted, Vv=VM code, C=native code)
V  [jvm.dll+0x3fee1f]
V  [jvm.dll+0x3f45bd]
V  [jvm.dll+0x400134]
V  [jvm.dll+0x3f7c3a]
V  [jvm.dll+0x3f5566]
V  [jvm.dll+0x3f2b8e]
V  [jvm.dll+0x29c69a]
C  [msvcr100.dll+0x21d9f]
C  [msvcr100.dll+0x21e3b]
C  [KERNEL32.DLL+0x12774]
C  [ntdll.dll+0x70d51]


---------------  P R O C E S S  ---------------

Java Threads: ( => current thread )
  0x0000000009be1000 JavaThread "Service Thread" daemon [_thread_blocked, id=11780, stack(0x0000000009fb0000,0x000000000a0b0000)]
  0x0000000008251800 JavaThread "C1 CompilerThread2" daemon [_thread_blocked, id=11636, stack(0x0000000009ab0000,0x0000000009bb0000)]
  0x0000000008240800 JavaThread "C2 CompilerThread1" daemon [_thread_blocked, id=7852, stack(0x00000000099b0000,0x0000000009ab0000)]
  0x000000000823d000 JavaThread "C2 CompilerThread0" daemon [_thread_blocked, id=7172, stack(0x00000000098b0000,0x00000000099b0000)]
  0x000000000823c000 JavaThread "Attach Listener" daemon [_thread_blocked, id=9440, stack(0x00000000097b0000,0x00000000098b0000)]
  0x000000000823b000 JavaThread "Signal Dispatcher" daemon [_thread_blocked, id=4088, stack(0x00000000096b0000,0x00000000097b0000)]
  0x000000000822a800 JavaThread "Finalizer" daemon [_thread_blocked, id=3088, stack(0x0000000009490000,0x0000000009590000)]
  0x0000000002701000 JavaThread "Reference Handler" daemon [_thread_blocked, id=7848, stack(0x0000000009390000,0x0000000009490000)]
  0x0000000002610800 JavaThread "main" [_thread_blocked, id=9968, stack(0x0000000002440000,0x0000000002540000)]

Other Threads:
  0x0000000008207000 VMThread [stack: 0x0000000009290000,0x0000000009390000] [id=11708]
  0x0000000009bea800 WatcherThread [stack: 0x000000000a460000,0x000000000a560000] [id=11484]

=>0x000000000262a000 (exited) GCTaskThread [stack: 0x0000000003380000,0x0000000003480000] [id=7656]

VM state:at safepoint (normal execution)

VM Mutex/Monitor currently owned by a thread:  ([mutex/lock_event])
[0x000000000255c340] Threads_lock - owner thread: 0x0000000008207000
[0x000000000255ccc0] Heap_lock - owner thread: 0x0000000002610800

Heap:
 PSYoungGen      total 677376K, used 665600K [0x00000000d5f00000, 0x0000000100000000, 0x0000000100000000)
  eden space 665600K, 100% used [0x00000000d5f00000,0x00000000fe900000,0x00000000fe900000)
  from space 11776K, 0% used [0x00000000fe900000,0x00000000fe900000,0x00000000ff480000)
  to   space 11776K, 0% used [0x00000000ff480000,0x00000000ff480000,0x0000000100000000)
 ParOldGen       total 1379328K, used 1379327K [0x0000000081c00000, 0x00000000d5f00000, 0x00000000d5f00000)
  object space 1379328K, 99% used [0x0000000081c00000,0x00000000d5effd70,0x00000000d5f00000)
 Metaspace       used 4200K, capacity 4740K, committed 4864K, reserved 1056768K
  class space    used 458K, capacity 495K, committed 512K, reserved 1048576K

Card table byte_map: [0x0000000002ad0000,0x0000000002ed0000] byte_map_base: 0x00000000026c2000

Marking Bits: (ParMarkBitMap*) 0x00000000578db6d0
 Begin Bits: [0x0000000003580000, 0x0000000005510000)
 End Bits:   [0x0000000005510000, 0x00000000074a0000)

Polling page: 0x0000000000bc0000

CodeCache: size=245760Kb used=2907Kb max_used=2925Kb free=242852Kb
 bounds [0x000000000a5a0000, 0x000000000a890000, 0x00000000195a0000]
 total_blobs=883 nmethods=618 adapters=178
 compilation: enabled

Compilation events (10 events):
Event: 3.972 Thread 0x0000000008240800  626       4       sun.nio.cs.MS1252::newDecoder (12 bytes)
Event: 3.974 Thread 0x0000000008240800 nmethod 626 0x000000000a86ccd0 code [0x000000000a86ce40, 0x000000000a86d0b8]
Event: 4.500 Thread 0x000000000823d000  627       4       java.util.Vector$Itr::<init> (6 bytes)
Event: 4.501 Thread 0x000000000823d000 nmethod 627 0x000000000a86ca50 code [0x000000000a86cb80, 0x000000000a86cc18]
Event: 21.047 Thread 0x0000000008251800  628       3       java.util.Arrays::copyOf (46 bytes)
Event: 21.048 Thread 0x0000000008251800 nmethod 628 0x000000000a86c010 code [0x000000000a86c1c0, 0x000000000a86c868]
Event: 58.377 Thread 0x0000000008251800  629       3       java.util.Arrays::copyOf (13 bytes)
Event: 58.377 Thread 0x0000000008251800 nmethod 629 0x000000000a86e650 code [0x000000000a86e7c0, 0x000000000a86e9c8]
Event: 132.627 Thread 0x0000000008251800  630       3       java.util.Vector::grow (57 bytes)
Event: 132.628 Thread 0x0000000008251800 nmethod 630 0x000000000a86dd90 code [0x000000000a86df20, 0x000000000a86e458]

GC Heap History (10 events):
Event: 1578.058 GC heap after
Heap after GC invocations=1344 (full 127):
 PSYoungGen      total 677376K, used 168159K [0x00000000d5f00000, 0x0000000100000000, 0x0000000100000000)
  eden space 665600K, 25% used [0x00000000d5f00000,0x00000000e0337c50,0x00000000fe900000)
  from space 11776K, 0% used [0x00000000fe900000,0x00000000fe900000,0x00000000ff480000)
  to   space 11776K, 0% used [0x00000000ff480000,0x00000000ff480000,0x0000000100000000)
 ParOldGen       total 1379328K, used 1379327K [0x0000000081c00000, 0x00000000d5f00000, 0x00000000d5f00000)
  object space 1379328K, 99% used [0x0000000081c00000,0x00000000d5effd70,0x00000000d5f00000)
 Metaspace       used 4200K, capacity 4740K, committed 4864K, reserved 1056768K
  class space    used 458K, capacity 495K, committed 512K, reserved 1048576K
}
Event: 1578.848 GC heap before
{Heap before GC invocations=1345 (full 128):
 PSYoungGen      total 677376K, used 665600K [0x00000000d5f00000, 0x0000000100000000, 0x0000000100000000)
  eden space 665600K, 100% used [0x00000000d5f00000,0x00000000fe900000,0x00000000fe900000)
  from space 11776K, 0% used [0x00000000fe900000,0x00000000fe900000,0x00000000ff480000)
  to   space 11776K, 0% used [0x00000000ff480000,0x00000000ff480000,0x0000000100000000)
 ParOldGen       total 1379328K, used 1379327K [0x0000000081c00000, 0x00000000d5f00000, 0x00000000d5f00000)
  object space 1379328K, 99% used [0x0000000081c00000,0x00000000d5effd70,0x00000000d5f00000)
 Metaspace       used 4200K, capacity 4740K, committed 4864K, reserved 1056768K
  class space    used 458K, capacity 495K, committed 512K, reserved 1048576K
Event: 1582.240 GC heap after
Heap after GC invocations=1345 (full 128):
 PSYoungGen      total 677376K, used 169327K [0x00000000d5f00000, 0x0000000100000000, 0x0000000100000000)
  eden space 665600K, 25% used [0x00000000d5f00000,0x00000000e045bd68,0x00000000fe900000)
  from space 11776K, 0% used [0x00000000fe900000,0x00000000fe900000,0x00000000ff480000)
  to   space 11776K, 0% used [0x00000000ff480000,0x00000000ff480000,0x0000000100000000)
 ParOldGen       total 1379328K, used 1379327K [0x0000000081c00000, 0x00000000d5f00000, 0x00000000d5f00000)
  object space 1379328K, 99% used [0x0000000081c00000,0x00000000d5effd70,0x00000000d5f00000)
 Metaspace       used 4200K, capacity 4740K, committed 4864K, reserved 1056768K
  class space    used 458K, capacity 495K, committed 512K, reserved 1048576K
}
Event: 1583.233 GC heap before
{Heap before GC invocations=1346 (full 129):
 PSYoungGen      total 677376K, used 665600K [0x00000000d5f00000, 0x0000000100000000, 0x0000000100000000)
  eden space 665600K, 100% used [0x00000000d5f00000,0x00000000fe900000,0x00000000fe900000)
  from space 11776K, 0% used [0x00000000fe900000,0x00000000fe900000,0x00000000ff480000)
  to   space 11776K, 0% used [0x00000000ff480000,0x00000000ff480000,0x0000000100000000)
 ParOldGen       total 1379328K, used 1379327K [0x0000000081c00000, 0x00000000d5f00000, 0x00000000d5f00000)
  object space 1379328K, 99% used [0x0000000081c00000,0x00000000d5effd70,0x00000000d5f00000)
 Metaspace       used 4200K, capacity 4740K, committed 4864K, reserved 1056768K
  class space    used 458K, capacity 495K, committed 512K, reserved 1048576K
Event: 1586.439 GC heap after
Heap after GC invocations=1346 (full 129):
 PSYoungGen      total 677376K, used 170512K [0x00000000d5f00000, 0x0000000100000000, 0x0000000100000000)
  eden space 665600K, 25% used [0x00000000d5f00000,0x00000000e0584330,0x00000000fe900000)
  from space 11776K, 0% used [0x00000000fe900000,0x00000000fe900000,0x00000000ff480000)
  to   space 11776K, 0% used [0x00000000ff480000,0x00000000ff480000,0x0000000100000000)
 ParOldGen       total 1379328K, used 1379327K [0x0000000081c00000, 0x00000000d5f00000, 0x00000000d5f00000)
  object space 1379328K, 99% used [0x0000000081c00000,0x00000000d5effd70,0x00000000d5f00000)
 Metaspace       used 4200K, capacity 4740K, committed 4864K, reserved 1056768K
  class space    used 458K, capacity 495K, committed 512K, reserved 1048576K
}
Event: 1587.495 GC heap before
{Heap before GC invocations=1347 (full 130):
 PSYoungGen      total 677376K, used 665600K [0x00000000d5f00000, 0x0000000100000000, 0x0000000100000000)
  eden space 665600K, 100% used [0x00000000d5f00000,0x00000000fe900000,0x00000000fe900000)
  from space 11776K, 0% used [0x00000000fe900000,0x00000000fe900000,0x00000000ff480000)
  to   space 11776K, 0% used [0x00000000ff480000,0x00000000ff480000,0x0000000100000000)
 ParOldGen       total 1379328K, used 1379327K [0x0000000081c00000, 0x00000000d5f00000, 0x00000000d5f00000)
  object space 1379328K, 99% used [0x0000000081c00000,0x00000000d5effd70,0x00000000d5f00000)
 Metaspace       used 4200K, capacity 4740K, committed 4864K, reserved 1056768K
  class space    used 458K, capacity 495K, committed 512K, reserved 1048576K
Event: 1590.831 GC heap after
Heap after GC invocations=1347 (full 130):
 PSYoungGen      total 677376K, used 171655K [0x00000000d5f00000, 0x0000000100000000, 0x0000000100000000)
  eden space 665600K, 25% used [0x00000000d5f00000,0x00000000e06a1c58,0x00000000fe900000)
  from space 11776K, 0% used [0x00000000fe900000,0x00000000fe900000,0x00000000ff480000)
  to   space 11776K, 0% used [0x00000000ff480000,0x00000000ff480000,0x0000000100000000)
 ParOldGen       total 1379328K, used 1379327K [0x0000000081c00000, 0x00000000d5f00000, 0x00000000d5f00000)
  object space 1379328K, 99% used [0x0000000081c00000,0x00000000d5effd70,0x00000000d5f00000)
 Metaspace       used 4200K, capacity 4740K, committed 4864K, reserved 1056768K
  class space    used 458K, capacity 495K, committed 512K, reserved 1048576K
}
Event: 1591.886 GC heap before
{Heap before GC invocations=1348 (full 131):
 PSYoungGen      total 677376K, used 665600K [0x00000000d5f00000, 0x0000000100000000, 0x0000000100000000)
  eden space 665600K, 100% used [0x00000000d5f00000,0x00000000fe900000,0x00000000fe900000)
  from space 11776K, 0% used [0x00000000fe900000,0x00000000fe900000,0x00000000ff480000)
  to   space 11776K, 0% used [0x00000000ff480000,0x00000000ff480000,0x0000000100000000)
 ParOldGen       total 1379328K, used 1379327K [0x0000000081c00000, 0x00000000d5f00000, 0x00000000d5f00000)
  object space 1379328K, 99% used [0x0000000081c00000,0x00000000d5effd70,0x00000000d5f00000)
 Metaspace       used 4200K, capacity 4740K, committed 4864K, reserved 1056768K
  class space    used 458K, capacity 495K, committed 512K, reserved 1048576K
Event: 1595.154 GC heap after
Heap after GC invocations=1348 (full 131):
 PSYoungGen      total 677376K, used 172816K [0x00000000d5f00000, 0x0000000100000000, 0x0000000100000000)
  eden space 665600K, 25% used [0x00000000d5f00000,0x00000000e07c4178,0x00000000fe900000)
  from space 11776K, 0% used [0x00000000fe900000,0x00000000fe900000,0x00000000ff480000)
  to   space 11776K, 0% used [0x00000000ff480000,0x00000000ff480000,0x0000000100000000)
 ParOldGen       total 1379328K, used 1379327K [0x0000000081c00000, 0x00000000d5f00000, 0x00000000d5f00000)
  object space 1379328K, 99% used [0x0000000081c00000,0x00000000d5effd70,0x00000000d5f00000)
 Metaspace       used 4200K, capacity 4740K, committed 4864K, reserved 1056768K
  class space    used 458K, capacity 495K, committed 512K, reserved 1048576K
}
Event: 1596.012 GC heap before
{Heap before GC invocations=1349 (full 132):
 PSYoungGen      total 677376K, used 665600K [0x00000000d5f00000, 0x0000000100000000, 0x0000000100000000)
  eden space 665600K, 100% used [0x00000000d5f00000,0x00000000fe900000,0x00000000fe900000)
  from space 11776K, 0% used [0x00000000fe900000,0x00000000fe900000,0x00000000ff480000)
  to   space 11776K, 0% used [0x00000000ff480000,0x00000000ff480000,0x0000000100000000)
 ParOldGen       total 1379328K, used 1379327K [0x0000000081c00000, 0x00000000d5f00000, 0x00000000d5f00000)
  object space 1379328K, 99% used [0x0000000081c00000,0x00000000d5effd70,0x00000000d5f00000)
 Metaspace       used 4200K, capacity 4740K, committed 4864K, reserved 1056768K
  class space    used 458K, capacity 495K, committed 512K, reserved 1048576K

Deoptimization events (10 events):
Event: 0.576 Thread 0x0000000002610800 Uncommon trap: reason=unstable_if action=reinterpret pc=0x000000000a7c882c method=java.lang.ref.SoftReference.get()Ljava/lang/Object; @ 17
Event: 0.989 Thread 0x0000000002610800 Uncommon trap: reason=predicate action=maybe_recompile pc=0x000000000a7c94f0 method=java.util.Arrays.fill([Ljava/lang/Object;IILjava/lang/Object;)V @ 16
Event: 0.998 Thread 0x0000000002610800 Uncommon trap: reason=array_check action=maybe_recompile pc=0x000000000a81006c method=java.util.Arrays.fill([Ljava/lang/Object;IILjava/lang/Object;)V @ 20
Event: 0.998 Thread 0x0000000002610800 Uncommon trap: reason=array_check action=maybe_recompile pc=0x000000000a81006c method=java.util.Arrays.fill([Ljava/lang/Object;IILjava/lang/Object;)V @ 20
Event: 0.998 Thread 0x0000000002610800 Uncommon trap: reason=array_check action=maybe_recompile pc=0x000000000a81006c method=java.util.Arrays.fill([Ljava/lang/Object;IILjava/lang/Object;)V @ 20
Event: 0.999 Thread 0x0000000002610800 Uncommon trap: reason=array_check action=maybe_recompile pc=0x000000000a81006c method=java.util.Arrays.fill([Ljava/lang/Object;IILjava/lang/Object;)V @ 20
Event: 1.351 Thread 0x0000000002610800 Uncommon trap: reason=class_check action=maybe_recompile pc=0x000000000a843ea0 method=java.lang.reflect.Array.newInstance(Ljava/lang/Class;I)Ljava/lang/Object; @ 2
Event: 1.351 Thread 0x0000000002610800 Uncommon trap: reason=class_check action=maybe_recompile pc=0x000000000a843ea0 method=java.lang.reflect.Array.newInstance(Ljava/lang/Class;I)Ljava/lang/Object; @ 2
Event: 1.351 Thread 0x0000000002610800 Uncommon trap: reason=class_check action=maybe_recompile pc=0x000000000a843ea0 method=java.lang.reflect.Array.newInstance(Ljava/lang/Class;I)Ljava/lang/Object; @ 2
Event: 1.351 Thread 0x0000000002610800 Uncommon trap: reason=class_check action=maybe_recompile pc=0x000000000a843ea0 method=java.lang.reflect.Array.newInstance(Ljava/lang/Class;I)Ljava/lang/Object; @ 2

Internal exceptions (7 events):
Event: 0.037 Thread 0x0000000002610800 Exception <a 'java/lang/NoSuchMethodError': Method sun.misc.Unsafe.defineClass(Ljava/lang/String;[BII)Ljava/lang/Class; name or signature does not match> (0x00000000d5f07ca8) thrown at [C:\re\workspace\8-2-build-windows-amd64-cygwin\jdk8u121\8372\hotspot\
Event: 0.037 Thread 0x0000000002610800 Exception <a 'java/lang/NoSuchMethodError': Method sun.misc.Unsafe.prefetchRead(Ljava/lang/Object;J)V name or signature does not match> (0x00000000d5f07f90) thrown at [C:\re\workspace\8-2-build-windows-amd64-cygwin\jdk8u121\8372\hotspot\src\share\vm\prims
Event: 0.116 Thread 0x0000000002610800 Exception <a 'java/io/FileNotFoundException'> (0x00000000d5f5aaa0) thrown at [C:\re\workspace\8-2-build-windows-amd64-cygwin\jdk8u121\8372\hotspot\src\share\vm\prims\jni.cpp, line 709]
Event: 0.152 Thread 0x0000000002610800 Exception <a 'java/lang/NoSuchMethodError': <clinit>> (0x00000000d5f74d20) thrown at [C:\re\workspace\8-2-build-windows-amd64-cygwin\jdk8u121\8372\hotspot\src\share\vm\prims\jni.cpp, line 1613]
Event: 0.173 Thread 0x0000000002610800 Exception <a 'java/lang/NoSuchMethodError': <clinit>> (0x00000000d60527a0) thrown at [C:\re\workspace\8-2-build-windows-amd64-cygwin\jdk8u121\8372\hotspot\src\share\vm\prims\jni.cpp, line 1613]
Event: 0.221 Thread 0x0000000002610800 Exception <a 'java/lang/NoSuchFieldError': method resolution failed> (0x00000000d6122ad0) thrown at [C:\re\workspace\8-2-build-windows-amd64-cygwin\jdk8u121\8372\hotspot\src\share\vm\prims\methodHandles.cpp, line 1146]
Event: 0.223 Thread 0x0000000002610800 Exception <a 'java/lang/NoSuchFieldError': method resolution failed> (0x00000000d612fea0) thrown at [C:\re\workspace\8-2-build-windows-amd64-cygwin\jdk8u121\8372\hotspot\src\share\vm\prims\methodHandles.cpp, line 1146]

Events (10 events):
Event: 1578.058 Executing VM operation: ParallelGCFailedAllocation done
Event: 1578.848 Executing VM operation: ParallelGCFailedAllocation
Event: 1582.240 Executing VM operation: ParallelGCFailedAllocation done
Event: 1583.233 Executing VM operation: ParallelGCFailedAllocation
Event: 1586.440 Executing VM operation: ParallelGCFailedAllocation done
Event: 1587.495 Executing VM operation: ParallelGCFailedAllocation
Event: 1590.831 Executing VM operation: ParallelGCFailedAllocation done
Event: 1591.886 Executing VM operation: ParallelGCFailedAllocation
Event: 1595.154 Executing VM operation: ParallelGCFailedAllocation done
Event: 1596.012 Executing VM operation: ParallelGCFailedAllocation


Dynamic libraries:
0x00007ff763560000 - 0x00007ff763597000 	C:\Program Files\Java\jre1.8.0_121\bin\javaw.exe
0x00007ffbcd8c0000 - 0x00007ffbcda9b000 	C:\WINDOWS\SYSTEM32\ntdll.dll
0x00007ffbcd3e0000 - 0x00007ffbcd48e000 	C:\WINDOWS\System32\KERNEL32.DLL
0x00007ffbca840000 - 0x00007ffbcaa89000 	C:\WINDOWS\System32\KERNELBASE.dll
0x00007ffbcd1b0000 - 0x00007ffbcd251000 	C:\WINDOWS\System32\ADVAPI32.dll
0x00007ffbccfe0000 - 0x00007ffbcd07d000 	C:\WINDOWS\System32\msvcrt.dll
0x00007ffbcd550000 - 0x00007ffbcd5a9000 	C:\WINDOWS\System32\sechost.dll
0x00007ffbcd080000 - 0x00007ffbcd1a5000 	C:\WINDOWS\System32\RPCRT4.dll
0x00007ffbcb3c0000 - 0x00007ffbcb50a000 	C:\WINDOWS\System32\USER32.dll
0x00007ffbca0b0000 - 0x00007ffbca0ce000 	C:\WINDOWS\System32\win32u.dll
0x00007ffbcd260000 - 0x00007ffbcd287000 	C:\WINDOWS\System32\GDI32.dll
0x00007ffbcac90000 - 0x00007ffbcae17000 	C:\WINDOWS\System32\gdi32full.dll
0x00007ffbcaa90000 - 0x00007ffbcab2a000 	C:\WINDOWS\System32\msvcp_win.dll
0x00007ffbc9fb0000 - 0x00007ffbca0a6000 	C:\WINDOWS\System32\ucrtbase.dll
0x00007ffbc29c0000 - 0x00007ffbc2c27000 	C:\WINDOWS\WinSxS\amd64_microsoft.windows.common-controls_6595b64144ccf1df_6.0.15063.483_none_26002d27e7c744a2\COMCTL32.dll
0x00007ffbcc9e0000 - 0x00007ffbcccd9000 	C:\WINDOWS\System32\combase.dll
0x00007ffbca0d0000 - 0x00007ffbca13a000 	C:\WINDOWS\System32\bcryptPrimitives.dll
0x00007ffbcd890000 - 0x00007ffbcd8bd000 	C:\WINDOWS\System32\IMM32.DLL
0x0000000057f40000 - 0x0000000057fac000 	c:\program files (x86)\vodafone\sicherheitscenter\apps\computersecurity\hips\fshook64.dll
0x00007ffbcb3b0000 - 0x00007ffbcb3b8000 	C:\WINDOWS\System32\PSAPI.DLL
0x0000000056c50000 - 0x0000000056d22000 	C:\Program Files\Java\jre1.8.0_121\bin\msvcr100.dll
0x00000000570c0000 - 0x000000005795b000 	C:\Program Files\Java\jre1.8.0_121\bin\server\jvm.dll
0x00007ffbb98b0000 - 0x00007ffbb98b9000 	C:\WINDOWS\SYSTEM32\WSOCK32.dll
0x00007ffbcd350000 - 0x00007ffbcd3bc000 	C:\WINDOWS\System32\WS2_32.dll
0x00007ffbc8320000 - 0x00007ffbc8343000 	C:\WINDOWS\SYSTEM32\WINMM.dll
0x00007ffbc6070000 - 0x00007ffbc607a000 	C:\WINDOWS\SYSTEM32\VERSION.dll
0x00007ffbc82f0000 - 0x00007ffbc831b000 	C:\WINDOWS\SYSTEM32\winmmbase.dll
0x00007ffbcac40000 - 0x00007ffbcac89000 	C:\WINDOWS\System32\cfgmgr32.dll
0x00000000570b0000 - 0x00000000570bf000 	C:\Program Files\Java\jre1.8.0_121\bin\verify.dll
0x0000000057080000 - 0x00000000570a9000 	C:\Program Files\Java\jre1.8.0_121\bin\java.dll
0x0000000057060000 - 0x0000000057076000 	C:\Program Files\Java\jre1.8.0_121\bin\zip.dll
0x00007ffbcb5a0000 - 0x00007ffbcc9d6000 	C:\WINDOWS\System32\SHELL32.dll
0x00007ffbcb300000 - 0x00007ffbcb3aa000 	C:\WINDOWS\System32\shcore.dll
0x00007ffbca140000 - 0x00007ffbca831000 	C:\WINDOWS\System32\windows.storage.dll
0x00007ffbcd4f0000 - 0x00007ffbcd541000 	C:\WINDOWS\System32\shlwapi.dll
0x00007ffbc9d50000 - 0x00007ffbc9d61000 	C:\WINDOWS\System32\kernel.appcore.dll
0x00007ffbc9d70000 - 0x00007ffbc9dbc000 	C:\WINDOWS\System32\powrprof.dll
0x00007ffbc9d30000 - 0x00007ffbc9d45000 	C:\WINDOWS\System32\profapi.dll
0x00007ffbba8f0000 - 0x00007ffbbaa99000 	C:\WINDOWS\SYSTEM32\dbghelp.dll

VM Arguments:
jvm_args: -Dfile.encoding=Cp1252 
java_command: minMaxCross.Nakato
java_class_path (initial): C:\Users\Benedikt\workspace\BenediktsCross\bin
Launcher Type: SUN_STANDARD

Environment Variables:
PATH=C:/Program Files/Java/jre1.8.0_121/bin/server;C:/Program Files/Java/jre1.8.0_121/bin;C:/Program Files/Java/jre1.8.0_121/lib/amd64;C:\ProgramData\Anaconda3;C:\ProgramData\Anaconda3\Library\mingw-w64\bin;C:\ProgramData\Anaconda3\Library\usr\bin;C:\ProgramData\Anaconda3\Library\bin;C:\ProgramData\Anaconda3\Scripts;C:\ProgramData\Oracle\Java\javapath;C:\Program Files (x86)\Intel\iCLS Client\;C:\Program Files\Intel\iCLS Client\;C:\WINDOWS\system32;C:\WINDOWS;C:\WINDOWS\System32\Wbem;C:\WINDOWS\System32\WindowsPowerShell\v1.0\;C:\Program Files\Intel\Intel(R) Management Engine Components\DAL;C:\Program Files\Intel\Intel(R) Management Engine Components\IPT;C:\Program Files (x86)\Intel\Intel(R) Management Engine Components\DAL;C:\Program Files (x86)\Intel\Intel(R) Management Engine Components\IPT;C:\Program Files (x86)\Skype\Phone\;C:\Program Files\nodejs\;C:\Program Files (x86)\NVIDIA Corporation\PhysX\Common;C:\WINDOWS\system32;C:\WINDOWS;C:\WINDOWS\System32\Wbem;C:\WINDOWS\System32\WindowsPowerShell\v1.0\;C:\Users\Benedikt\AppData\Local\Programs\Python\Python36-32;C:\Users\Benedikt\AppData\Roaming\npm;C:\Users\Benedikt\AppData\Local\Microsoft\WindowsApps;C:\Program Files (x86)\Nmap;;C:\WINDOWS\system32;
USERNAME=Benedikt
OS=Windows_NT
PROCESSOR_IDENTIFIER=Intel64 Family 6 Model 69 Stepping 1, GenuineIntel



---------------  S Y S T E M  ---------------

OS: Windows 10.0 , 64 bit Build 15063 (10.0.15063.296)

CPU:total 4 (2 cores per cpu, 2 threads per core) family 6 model 69 stepping 1, cmov, cx8, fxsr, mmx, sse, sse2, sse3, ssse3, sse4.1, sse4.2, popcnt, avx, avx2, aes, clmul, erms, lzcnt, ht, tsc, tscinvbit, bmi1, bmi2

Memory: 4k page, physical 8268988k(1029436k free), swap 10694636k(2090084k free)

vm_info: Java HotSpot(TM) 64-Bit Server VM (25.121-b13) for windows-amd64 JRE (1.8.0_121-b13), built on Dec 12 2016 18:21:36 by "java_re" with MS VC++ 10.0 (VS2010)

time: Sun Nov 05 16:05:51 2017
elapsed time: 1606 seconds (0d 0h 26m 46s)

